<?xml version="1.0" encoding="UTF-8"?>
<!-- Generated by org.testng.reporters.JUnitXMLReporter -->
<testsuite ignored="0" hostname="DESKTOP-VAIO7P2" failures="0" tests="4" name="Test" time="52.262" errors="0" timestamp="2025-02-24T17:09:26 EST">
  <testcase classname="testcase.LoginFunctionality" name="runLogin" time="1.643"/>
  <testcase classname="testcase.LoginFunctionality" name="runLogin" time="1.438"/>
  <testcase classname="testcase.CreateLeadFunctionality" name="runCreateLead" time="15.241"/>
  <testcase classname="testcase.CreateLeadFunctionality" name="runCreateLead" time="13.273"/>
</testsuite> <!-- Test -->
